<?xml version="1.0" encoding="UTF-8"?>
<testng-results skipped="0" failed="0" total="2" passed="2">
  <reporter-output>
  </reporter-output>
  <suite name="TestNgMavenExampleSuite" duration-ms="27" started-at="2021-05-21T12:54:02Z" finished-at="2021-05-21T12:54:02Z">
    <groups>
    </groups>
    <test name="TestNgMavenTest" duration-ms="27" started-at="2021-05-21T12:54:02Z" finished-at="2021-05-21T12:54:02Z">
      <class name="com.javacodegeeks.testng.maven.TestNgMavenExample">
        <test-method status="PASS" signature="exampleOfTestNgMaven()[pri:0, instance:com.javacodegeeks.testng.maven.TestNgMavenExample@6a2bcfcb]" name="exampleOfTestNgMaven" duration-ms="10" started-at="2021-05-21T18:24:02Z" finished-at="2021-05-21T18:24:02Z">
          <reporter-output>
          </reporter-output>
        </test-method> <!-- exampleOfTestNgMaven -->
      </class> <!-- com.javacodegeeks.testng.maven.TestNgMavenExample -->
      <class name="com.javacodegeeks.testng.maven.TestNgMavenSecondClass">
        <test-method status="PASS" signature="oneMoreTest()[pri:0, instance:com.javacodegeeks.testng.maven.TestNgMavenSecondClass@6276ae34]" name="oneMoreTest" duration-ms="2" started-at="2021-05-21T18:24:02Z" finished-at="2021-05-21T18:24:02Z">
          <reporter-output>
          </reporter-output>
        </test-method> <!-- oneMoreTest -->
      </class> <!-- com.javacodegeeks.testng.maven.TestNgMavenSecondClass -->
    </test> <!-- TestNgMavenTest -->
  </suite> <!-- TestNgMavenExampleSuite -->
</testng-results>
