<?xml version="1.0" encoding="UTF-8"?>
<!-- Generated by org.testng.reporters.JUnitXMLReporter -->
<testsuite hostname="ramit-QA-2035ThinkPad-L14-Gen-1" name="TestNgMavenTest" tests="2" failures="0" timestamp="21 May 2021 12:54:02 GMT" time="0.027" errors="0">
  <testcase name="exampleOfTestNgMaven" time="0.01" classname="com.javacodegeeks.testng.maven.TestNgMavenExample"/>
  <testcase name="oneMoreTest" time="0.002" classname="com.javacodegeeks.testng.maven.TestNgMavenSecondClass"/>
</testsuite> <!-- TestNgMavenTest -->
